<?xml version="1.0" encoding="UTF-8"?>
<testsuites name="getBooking" time="20.417" tests="2" failures="0" errors="0">
   <testsuite name="getBooking" tests="2" failures="0" errors="0" time="20.417" skipped="0" timestamp="13-02-2024T16:01:07" hostname="BRI - LAPTOP-GLHGBC14" id="Test Suites/getBooking">
      <properties>
         <property name="deviceName" value=""/>
         <property name="devicePlatform" value=""/>
         <property name="logFolder" value="C:\\Users\\BRI\\git\\finalprojectapi\\Reports\\20240213_160056\\getBooking\\20240213_160056"/>
         <property name="logFiles" value="C:\\Users\\BRI\\git\\finalprojectapi\\Reports\\20240213_160056\\getBooking\\20240213_160056\\execution0.log"/>
         <property name="attachments" value=""/>
         <property name="hostName" value="BRI - LAPTOP-GLHGBC14"/>
         <property name="hostAddress" value="172.16.213.223"/>
         <property name="os" value="Windows 11 64bit"/>
         <property name="katalonVersion" value="9.3.0.212"/>
      </properties>
      <testcase name="Test Cases/getBookingDetailInfoWithID" time="12.959" classname="Test Cases/getBookingDetailInfoWithID" status="PASSED">
         <system-out><![CDATA[13-02-2024T16:01:07 - [TEST_CASE][PASSED] - Test Cases/getBookingDetailInfoWithID: Test Cases/getBookingDetailInfoWithID

13-02-2024T16:01:08 - [TEST_STEP][PASSED] - sendRequest(findTestObject("getBookingDetailInfo", ["id":id])): Send request successfully

13-02-2024T16:01:16 - [MESSAGE][INFO] - HAR: C:\Users\BRI\git\finalprojectapi\Reports\20240213_160056\getBooking\20240213_160056\requests\main\0.har

13-02-2024T16:01:16 - [MESSAGE][PASSED] - Send request successfully

13-02-2024T16:01:16 - [TEST_STEP][PASSED] - response = sendRequest(findTestObject("getBookingDetailInfo")): Send request successfully

13-02-2024T16:01:18 - [MESSAGE][INFO] - HAR: C:\Users\BRI\git\finalprojectapi\Reports\20240213_160056\getBooking\20240213_160056\requests\main\1.har

13-02-2024T16:01:18 - [MESSAGE][PASSED] - Send request successfully

13-02-2024T16:01:18 - [TEST_STEP][PASSED] - verifyResponseStatusCode(response, 200): Verify response status code successfully

13-02-2024T16:01:18 - [MESSAGE][PASSED] - Verify response status code successfully

13-02-2024T16:01:20 - [TEST_STEP][PASSED] - Video: Video recording for test case 'Test Cases/getBookingDetailInfoWithID' .

13-02-2024T16:01:20 - [MESSAGE][INFO] - Video recording for test case 'Test Cases/getBookingDetailInfoWithID' .]]></system-out>
         <system-err><![CDATA[]]></system-err>
      </testcase>
      <testcase name="Test Cases/getBookingId" time="6.961" classname="Test Cases/getBookingId" status="PASSED">
         <system-out><![CDATA[13-02-2024T16:01:20 - [TEST_CASE][PASSED] - Test Cases/getBookingId: Test Cases/getBookingId

13-02-2024T16:01:20 - [TEST_STEP][PASSED] - sendRequest(findTestObject("getBookingID")): Send request successfully

13-02-2024T16:01:23 - [MESSAGE][INFO] - HAR: C:\Users\BRI\git\finalprojectapi\Reports\20240213_160056\getBooking\20240213_160056\requests\main\2.har

13-02-2024T16:01:23 - [MESSAGE][PASSED] - Send request successfully

13-02-2024T16:01:23 - [TEST_STEP][PASSED] - response = sendRequest(findTestObject("getBookingID")): Send request successfully

13-02-2024T16:01:25 - [MESSAGE][INFO] - HAR: C:\Users\BRI\git\finalprojectapi\Reports\20240213_160056\getBooking\20240213_160056\requests\main\3.har

13-02-2024T16:01:25 - [MESSAGE][PASSED] - Send request successfully

13-02-2024T16:01:25 - [TEST_STEP][PASSED] - verifyResponseStatusCode(response, 200): Verify response status code successfully

13-02-2024T16:01:25 - [MESSAGE][PASSED] - Verify response status code successfully

13-02-2024T16:01:27 - [TEST_STEP][PASSED] - Video: Video recording for test case 'Test Cases/getBookingId' .

13-02-2024T16:01:27 - [MESSAGE][INFO] - Video recording for test case 'Test Cases/getBookingId' .]]></system-out>
         <system-err><![CDATA[]]></system-err>
      </testcase>
      <system-out><![CDATA[13-02-2024T16:01:07 - [TEST_SUITE][PASSED] - getBooking: Test Cases/getBookingId]]></system-out>
      <system-err><![CDATA[]]></system-err>
   </testsuite>
</testsuites>
